[debug] [2025-07-31T04:55:19.191Z] ----------------------------------------------------------------------
[debug] [2025-07-31T04:55:19.193Z] Command:       C:\Program Files\nodejs\node.exe C:\Users\ponce\AppData\Roaming\npm\node_modules\firebase-tools\lib\bin\firebase.js init hosting
[debug] [2025-07-31T04:55:19.193Z] CLI Version:   14.9.0
[debug] [2025-07-31T04:55:19.193Z] Platform:      win32
[debug] [2025-07-31T04:55:19.193Z] Node Version:  v22.16.0
[debug] [2025-07-31T04:55:19.193Z] Time:          Wed Jul 30 2025 21:55:19 GMT-0700 (Mountain Standard Time)
[debug] [2025-07-31T04:55:19.194Z] ----------------------------------------------------------------------
[debug] 
[debug] [2025-07-31T04:55:19.196Z] >>> [apiv2][query] GET https://firebase-public.firebaseio.com/cli.json [none]
[debug] [2025-07-31T04:55:19.375Z] > command requires scopes: ["email","openid","https://www.googleapis.com/auth/cloudplatformprojects.readonly","https://www.googleapis.com/auth/firebase","https://www.googleapis.com/auth/cloud-platform"]
[debug] [2025-07-31T04:55:19.375Z] > authorizing via signed-in user (poncechris95@gmail.com)
[info] 
     ######## #### ########  ######## ########     ###     ######  ########
     ##        ##  ##     ## ##       ##     ##  ##   ##  ##       ##
     ######    ##  ########  ######   ########  #########  ######  ######
     ##        ##  ##    ##  ##       ##     ## ##     ##       ## ##
     ##       #### ##     ## ######## ########  ##     ##  ######  ########

You're about to initialize a Firebase project in this directory:

  C:\Users\ponce\Desktop\CSP-AI\Hybrid shufflers

Before we get started, keep in mind:

  * You are initializing within an existing Firebase project directory

[debug] [2025-07-31T04:55:19.612Z] <<< [apiv2][status] GET https://firebase-public.firebaseio.com/cli.json 200
[debug] [2025-07-31T04:55:19.612Z] <<< [apiv2][body] GET https://firebase-public.firebaseio.com/cli.json {"cloudBuildErrorAfter":1594252800000,"cloudBuildWarnAfter":1590019200000,"defaultNode10After":1594252800000,"minVersion":"3.0.5","node8DeploysDisabledAfter":1613390400000,"node8RuntimeDisabledAfter":1615809600000,"node8WarnAfter":1600128000000}
[info] 
=== Project Setup
[info] 
[info] First, let's associate this project directory with a Firebase project.
[info] You can create multiple project aliases by running firebase use --add, 
[info] but for now we'll just set up a default project.
[info] 
[debug] [2025-07-31T04:55:22.591Z] Using project from CLI flag: hybrid-dancers
[debug] [2025-07-31T04:55:22.591Z] Checked if tokens are valid: false, expires at: 1751533452417
[debug] [2025-07-31T04:55:22.591Z] Checked if tokens are valid: false, expires at: 1751533452417
[debug] [2025-07-31T04:55:22.592Z] > refreshing access token with scopes: []
[debug] [2025-07-31T04:55:22.592Z] >>> [apiv2][query] POST https://www.googleapis.com/oauth2/v3/token [none]
[debug] [2025-07-31T04:55:22.592Z] >>> [apiv2][body] POST https://www.googleapis.com/oauth2/v3/token [omitted]
[debug] [2025-07-31T04:55:22.853Z] <<< [apiv2][status] POST https://www.googleapis.com/oauth2/v3/token 200
[debug] [2025-07-31T04:55:22.853Z] <<< [apiv2][body] POST https://www.googleapis.com/oauth2/v3/token [omitted]
[debug] [2025-07-31T04:55:22.865Z] >>> [apiv2][query] GET https://firebase.googleapis.com/v1beta1/projects/hybrid-dancers [none]
[debug] [2025-07-31T04:55:23.190Z] <<< [apiv2][status] GET https://firebase.googleapis.com/v1beta1/projects/hybrid-dancers 403
[debug] [2025-07-31T04:55:23.190Z] <<< [apiv2][body] GET https://firebase.googleapis.com/v1beta1/projects/hybrid-dancers {"error":{"code":403,"message":"The caller does not have permission","status":"PERMISSION_DENIED"}}
[debug] [2025-07-31T04:55:23.191Z] Request to https://firebase.googleapis.com/v1beta1/projects/hybrid-dancers had HTTP Error: 403, The caller does not have permission
[debug] [2025-07-31T04:55:23.613Z] FirebaseError: Request to https://firebase.googleapis.com/v1beta1/projects/hybrid-dancers had HTTP Error: 403, The caller does not have permission
    at responseToError (C:\Users\ponce\AppData\Roaming\npm\node_modules\firebase-tools\lib\responseToError.js:52:12)
    at RetryOperation._fn (C:\Users\ponce\AppData\Roaming\npm\node_modules\firebase-tools\lib\apiv2.js:312:77)
    at process.processTicksAndRejections (node:internal/process/task_queues:105:5)
[error] 
[error] Error: Failed to get Firebase project hybrid-dancers. Please make sure the project exists and your account has permission to access it.
